[03-Oct-2024 19:03:07 UTC] PHP Fatal error:  Uncaught ArgumentCountError: get_headers() expects at least 1 argument, 0 given in D:\wordpress\Local Sites\local-wordpres\app\public\wp-content\themes\my_theme\front-page.php:1
Stack trace:
#0 D:\wordpress\Local Sites\local-wordpres\app\public\wp-content\themes\my_theme\front-page.php(1): get_headers()
#1 D:\wordpress\Local Sites\local-wordpres\app\public\wp-includes\template-loader.php(106): include('D:\\wordpress\\Lo...')
#2 D:\wordpress\Local Sites\local-wordpres\app\public\wp-blog-header.php(19): require_once('D:\\wordpress\\Lo...')
#3 D:\wordpress\Local Sites\local-wordpres\app\public\index.php(17): require('D:\\wordpress\\Lo...')
#4 {main}
  thrown in D:\wordpress\Local Sites\local-wordpres\app\public\wp-content\themes\my_theme\front-page.php on line 1
[03-Oct-2024 19:03:20 UTC] PHP Fatal error:  Uncaught ArgumentCountError: get_headers() expects at least 1 argument, 0 given in D:\wordpress\Local Sites\local-wordpres\app\public\wp-content\themes\my_theme\front-page.php:1
Stack trace:
#0 D:\wordpress\Local Sites\local-wordpres\app\public\wp-content\themes\my_theme\front-page.php(1): get_headers()
#1 D:\wordpress\Local Sites\local-wordpres\app\public\wp-includes\template-loader.php(106): include('D:\\wordpress\\Lo...')
#2 D:\wordpress\Local Sites\local-wordpres\app\public\wp-blog-header.php(19): require_once('D:\\wordpress\\Lo...')
#3 D:\wordpress\Local Sites\local-wordpres\app\public\index.php(17): require('D:\\wordpress\\Lo...')
#4 {main}
  thrown in D:\wordpress\Local Sites\local-wordpres\app\public\wp-content\themes\my_theme\front-page.php on line 1
[03-Oct-2024 19:03:44 UTC] PHP Fatal error:  Uncaught ArgumentCountError: get_headers() expects at least 1 argument, 0 given in D:\wordpress\Local Sites\local-wordpres\app\public\wp-content\themes\my_theme\front-page.php:1
Stack trace:
#0 D:\wordpress\Local Sites\local-wordpres\app\public\wp-content\themes\my_theme\front-page.php(1): get_headers()
#1 D:\wordpress\Local Sites\local-wordpres\app\public\wp-includes\template-loader.php(106): include('D:\\wordpress\\Lo...')
#2 D:\wordpress\Local Sites\local-wordpres\app\public\wp-blog-header.php(19): require_once('D:\\wordpress\\Lo...')
#3 D:\wordpress\Local Sites\local-wordpres\app\public\index.php(17): require('D:\\wordpress\\Lo...')
#4 {main}
  thrown in D:\wordpress\Local Sites\local-wordpres\app\public\wp-content\themes\my_theme\front-page.php on line 1
[03-Oct-2024 19:24:17 UTC] PHP Fatal error:  Uncaught Error: Call to undefined function getT_template_directory_uri() in D:\wordpress\Local Sites\local-wordpres\app\public\wp-content\themes\my_theme\functions.php:4
Stack trace:
#0 D:\wordpress\Local Sites\local-wordpres\app\public\wp-includes\class-wp-hook.php(324): load_css('')
#1 D:\wordpress\Local Sites\local-wordpres\app\public\wp-includes\class-wp-hook.php(348): WP_Hook->apply_filters(NULL, Array)
#2 D:\wordpress\Local Sites\local-wordpres\app\public\wp-includes\plugin.php(517): WP_Hook->do_action(Array)
#3 D:\wordpress\Local Sites\local-wordpres\app\public\wp-includes\script-loader.php(2263): do_action('wp_enqueue_scri...')
#4 D:\wordpress\Local Sites\local-wordpres\app\public\wp-includes\class-wp-hook.php(324): wp_enqueue_scripts('')
#5 D:\wordpress\Local Sites\local-wordpres\app\public\wp-includes\class-wp-hook.php(348): WP_Hook->apply_filters(NULL, Array)
#6 D:\wordpress\Local Sites\local-wordpres\app\public\wp-includes\plugin.php(517): WP_Hook->do_action(Array)
#7 D:\wordpress\Local Sites\local-wordpres\app\public\wp-includes\general-template.php(3065): do_action('wp_head')
#8 D:\wordpress\Local Sites\local-wordpres\app\public\wp-content\themes\my_theme\header.php(7): wp_head()
#9 D:\wordpress\Local Sites\local-wordpres\app\public\wp-includes\template.php(810): require_once('D:\\wordpress\\Lo...')
#10 D:\wordpress\Local Sites\local-wordpres\app\public\wp-includes\template.php(745): load_template('D:\\wordpress\\Lo...', true, Array)
#11 D:\wordpress\Local Sites\local-wordpres\app\public\wp-includes\general-template.php(48): locate_template(Array, true, true, Array)
#12 D:\wordpress\Local Sites\local-wordpres\app\public\wp-content\themes\my_theme\front-page.php(1): get_header()
#13 D:\wordpress\Local Sites\local-wordpres\app\public\wp-includes\template-loader.php(106): include('D:\\wordpress\\Lo...')
#14 D:\wordpress\Local Sites\local-wordpres\app\public\wp-blog-header.php(19): require_once('D:\\wordpress\\Lo...')
#15 D:\wordpress\Local Sites\local-wordpres\app\public\index.php(17): require('D:\\wordpress\\Lo...')
#16 {main}
  thrown in D:\wordpress\Local Sites\local-wordpres\app\public\wp-content\themes\my_theme\functions.php on line 4
[03-Oct-2024 19:31:50 UTC] PHP Fatal error:  Uncaught Error: Call to undefined function get_part() in D:\wordpress\Local Sites\local-wordpres\app\public\wp-content\themes\my_theme\front-page.php:4
Stack trace:
#0 D:\wordpress\Local Sites\local-wordpres\app\public\wp-includes\template-loader.php(106): include()
#1 D:\wordpress\Local Sites\local-wordpres\app\public\wp-blog-header.php(19): require_once('D:\\wordpress\\Lo...')
#2 D:\wordpress\Local Sites\local-wordpres\app\public\index.php(17): require('D:\\wordpress\\Lo...')
#3 {main}
  thrown in D:\wordpress\Local Sites\local-wordpres\app\public\wp-content\themes\my_theme\front-page.php on line 4
[04-Oct-2024 12:05:44 UTC] PHP Parse error:  syntax error, unexpected identifier "Top", expecting ")" in D:\wordpress\Local Sites\local-wordpres\app\public\wp-content\themes\my_theme\functions.php on line 30
[04-Oct-2024 12:05:44 UTC] PHP Warning:  Trying to access array offset on value of type bool in D:\wordpress\Local Sites\local-wordpres\app\public\wp-includes\class-wp-recovery-mode-email-service.php on line 367
[04-Oct-2024 12:05:44 UTC] PHP Warning:  Trying to access array offset on value of type bool in D:\wordpress\Local Sites\local-wordpres\app\public\wp-includes\class-wp-recovery-mode-email-service.php on line 368
[04-Oct-2024 12:07:45 UTC] PHP Fatal error:  Uncaught ArgumentCountError: Too few arguments to function register_nav_menu(), 1 passed in D:\wordpress\Local Sites\local-wordpres\app\public\wp-content\themes\my_theme\functions.php on line 32 and exactly 2 expected in D:\wordpress\Local Sites\local-wordpres\app\public\wp-includes\nav-menu.php:136
Stack trace:
#0 D:\wordpress\Local Sites\local-wordpres\app\public\wp-content\themes\my_theme\functions.php(32): register_nav_menu(Array)
#1 D:\wordpress\Local Sites\local-wordpres\app\public\wp-settings.php(668): include('D:\\wordpress\\Lo...')
#2 D:\wordpress\Local Sites\local-wordpres\app\public\wp-config.php(103): require_once('D:\\wordpress\\Lo...')
#3 D:\wordpress\Local Sites\local-wordpres\app\public\wp-load.php(50): require_once('D:\\wordpress\\Lo...')
#4 D:\wordpress\Local Sites\local-wordpres\app\public\wp-admin\admin-ajax.php(22): require_once('D:\\wordpress\\Lo...')
#5 {main}
  thrown in D:\wordpress\Local Sites\local-wordpres\app\public\wp-includes\nav-menu.php on line 136
[04-Oct-2024 12:09:46 UTC] PHP Fatal error:  Uncaught ArgumentCountError: Too few arguments to function register_nav_menu(), 1 passed in D:\wordpress\Local Sites\local-wordpres\app\public\wp-content\themes\my_theme\functions.php on line 32 and exactly 2 expected in D:\wordpress\Local Sites\local-wordpres\app\public\wp-includes\nav-menu.php:136
Stack trace:
#0 D:\wordpress\Local Sites\local-wordpres\app\public\wp-content\themes\my_theme\functions.php(32): register_nav_menu(Array)
#1 D:\wordpress\Local Sites\local-wordpres\app\public\wp-settings.php(668): include('D:\\wordpress\\Lo...')
#2 D:\wordpress\Local Sites\local-wordpres\app\public\wp-config.php(103): require_once('D:\\wordpress\\Lo...')
#3 D:\wordpress\Local Sites\local-wordpres\app\public\wp-load.php(50): require_once('D:\\wordpress\\Lo...')
#4 D:\wordpress\Local Sites\local-wordpres\app\public\wp-admin\admin-ajax.php(22): require_once('D:\\wordpress\\Lo...')
#5 {main}
  thrown in D:\wordpress\Local Sites\local-wordpres\app\public\wp-includes\nav-menu.php on line 136
[04-Oct-2024 12:11:47 UTC] PHP Fatal error:  Uncaught ArgumentCountError: Too few arguments to function register_nav_menu(), 1 passed in D:\wordpress\Local Sites\local-wordpres\app\public\wp-content\themes\my_theme\functions.php on line 32 and exactly 2 expected in D:\wordpress\Local Sites\local-wordpres\app\public\wp-includes\nav-menu.php:136
Stack trace:
#0 D:\wordpress\Local Sites\local-wordpres\app\public\wp-content\themes\my_theme\functions.php(32): register_nav_menu(Array)
#1 D:\wordpress\Local Sites\local-wordpres\app\public\wp-settings.php(668): include('D:\\wordpress\\Lo...')
#2 D:\wordpress\Local Sites\local-wordpres\app\public\wp-config.php(103): require_once('D:\\wordpress\\Lo...')
#3 D:\wordpress\Local Sites\local-wordpres\app\public\wp-load.php(50): require_once('D:\\wordpress\\Lo...')
#4 D:\wordpress\Local Sites\local-wordpres\app\public\wp-admin\admin-ajax.php(22): require_once('D:\\wordpress\\Lo...')
#5 {main}
  thrown in D:\wordpress\Local Sites\local-wordpres\app\public\wp-includes\nav-menu.php on line 136
[04-Oct-2024 12:13:48 UTC] PHP Fatal error:  Uncaught ArgumentCountError: Too few arguments to function register_nav_menu(), 1 passed in D:\wordpress\Local Sites\local-wordpres\app\public\wp-content\themes\my_theme\functions.php on line 32 and exactly 2 expected in D:\wordpress\Local Sites\local-wordpres\app\public\wp-includes\nav-menu.php:136
Stack trace:
#0 D:\wordpress\Local Sites\local-wordpres\app\public\wp-content\themes\my_theme\functions.php(32): register_nav_menu(Array)
#1 D:\wordpress\Local Sites\local-wordpres\app\public\wp-settings.php(668): include('D:\\wordpress\\Lo...')
#2 D:\wordpress\Local Sites\local-wordpres\app\public\wp-config.php(103): require_once('D:\\wordpress\\Lo...')
#3 D:\wordpress\Local Sites\local-wordpres\app\public\wp-load.php(50): require_once('D:\\wordpress\\Lo...')
#4 D:\wordpress\Local Sites\local-wordpres\app\public\wp-admin\admin-ajax.php(22): require_once('D:\\wordpress\\Lo...')
#5 {main}
  thrown in D:\wordpress\Local Sites\local-wordpres\app\public\wp-includes\nav-menu.php on line 136
[04-Oct-2024 12:15:49 UTC] PHP Fatal error:  Uncaught ArgumentCountError: Too few arguments to function register_nav_menu(), 1 passed in D:\wordpress\Local Sites\local-wordpres\app\public\wp-content\themes\my_theme\functions.php on line 32 and exactly 2 expected in D:\wordpress\Local Sites\local-wordpres\app\public\wp-includes\nav-menu.php:136
Stack trace:
#0 D:\wordpress\Local Sites\local-wordpres\app\public\wp-content\themes\my_theme\functions.php(32): register_nav_menu(Array)
#1 D:\wordpress\Local Sites\local-wordpres\app\public\wp-settings.php(668): include('D:\\wordpress\\Lo...')
#2 D:\wordpress\Local Sites\local-wordpres\app\public\wp-config.php(103): require_once('D:\\wordpress\\Lo...')
#3 D:\wordpress\Local Sites\local-wordpres\app\public\wp-load.php(50): require_once('D:\\wordpress\\Lo...')
#4 D:\wordpress\Local Sites\local-wordpres\app\public\wp-admin\admin-ajax.php(22): require_once('D:\\wordpress\\Lo...')
#5 {main}
  thrown in D:\wordpress\Local Sites\local-wordpres\app\public\wp-includes\nav-menu.php on line 136
[04-Oct-2024 12:16:12 UTC] PHP Fatal error:  Uncaught ArgumentCountError: Too few arguments to function register_nav_menu(), 1 passed in D:\wordpress\Local Sites\local-wordpres\app\public\wp-content\themes\my_theme\functions.php on line 32 and exactly 2 expected in D:\wordpress\Local Sites\local-wordpres\app\public\wp-includes\nav-menu.php:136
Stack trace:
#0 D:\wordpress\Local Sites\local-wordpres\app\public\wp-content\themes\my_theme\functions.php(32): register_nav_menu(Array)
#1 D:\wordpress\Local Sites\local-wordpres\app\public\wp-settings.php(668): include('D:\\wordpress\\Lo...')
#2 D:\wordpress\Local Sites\local-wordpres\app\public\wp-config.php(103): require_once('D:\\wordpress\\Lo...')
#3 D:\wordpress\Local Sites\local-wordpres\app\public\wp-load.php(50): require_once('D:\\wordpress\\Lo...')
#4 D:\wordpress\Local Sites\local-wordpres\app\public\wp-blog-header.php(13): require_once('D:\\wordpress\\Lo...')
#5 D:\wordpress\Local Sites\local-wordpres\app\public\index.php(17): require('D:\\wordpress\\Lo...')
#6 {main}
  thrown in D:\wordpress\Local Sites\local-wordpres\app\public\wp-includes\nav-menu.php on line 136
[04-Oct-2024 12:16:12 UTC] PHP Fatal error:  Uncaught ArgumentCountError: Too few arguments to function register_nav_menu(), 1 passed in D:\wordpress\Local Sites\local-wordpres\app\public\wp-content\themes\my_theme\functions.php on line 32 and exactly 2 expected in D:\wordpress\Local Sites\local-wordpres\app\public\wp-includes\nav-menu.php:136
Stack trace:
#0 D:\wordpress\Local Sites\local-wordpres\app\public\wp-content\themes\my_theme\functions.php(32): register_nav_menu(Array)
#1 D:\wordpress\Local Sites\local-wordpres\app\public\wp-settings.php(668): include('D:\\wordpress\\Lo...')
#2 D:\wordpress\Local Sites\local-wordpres\app\public\wp-config.php(103): require_once('D:\\wordpress\\Lo...')
#3 D:\wordpress\Local Sites\local-wordpres\app\public\wp-load.php(50): require_once('D:\\wordpress\\Lo...')
#4 D:\wordpress\Local Sites\local-wordpres\app\public\wp-blog-header.php(13): require_once('D:\\wordpress\\Lo...')
#5 D:\wordpress\Local Sites\local-wordpres\app\public\index.php(17): require('D:\\wordpress\\Lo...')
#6 {main}
  thrown in D:\wordpress\Local Sites\local-wordpres\app\public\wp-includes\nav-menu.php on line 136
[04-Oct-2024 12:16:46 UTC] PHP Fatal error:  Uncaught ArgumentCountError: Too few arguments to function register_nav_menu(), 1 passed in D:\wordpress\Local Sites\local-wordpres\app\public\wp-content\themes\my_theme\functions.php on line 32 and exactly 2 expected in D:\wordpress\Local Sites\local-wordpres\app\public\wp-includes\nav-menu.php:136
Stack trace:
#0 D:\wordpress\Local Sites\local-wordpres\app\public\wp-content\themes\my_theme\functions.php(32): register_nav_menu(Array)
#1 D:\wordpress\Local Sites\local-wordpres\app\public\wp-settings.php(668): include('D:\\wordpress\\Lo...')
#2 D:\wordpress\Local Sites\local-wordpres\app\public\wp-config.php(103): require_once('D:\\wordpress\\Lo...')
#3 D:\wordpress\Local Sites\local-wordpres\app\public\wp-load.php(50): require_once('D:\\wordpress\\Lo...')
#4 D:\wordpress\Local Sites\local-wordpres\app\public\wp-admin\admin-ajax.php(22): require_once('D:\\wordpress\\Lo...')
#5 {main}
  thrown in D:\wordpress\Local Sites\local-wordpres\app\public\wp-includes\nav-menu.php on line 136
[04-Oct-2024 12:16:46 UTC] PHP Fatal error:  Uncaught ArgumentCountError: Too few arguments to function register_nav_menu(), 1 passed in D:\wordpress\Local Sites\local-wordpres\app\public\wp-content\themes\my_theme\functions.php on line 32 and exactly 2 expected in D:\wordpress\Local Sites\local-wordpres\app\public\wp-includes\nav-menu.php:136
Stack trace:
#0 D:\wordpress\Local Sites\local-wordpres\app\public\wp-content\themes\my_theme\functions.php(32): register_nav_menu(Array)
#1 D:\wordpress\Local Sites\local-wordpres\app\public\wp-settings.php(668): include('D:\\wordpress\\Lo...')
#2 D:\wordpress\Local Sites\local-wordpres\app\public\wp-config.php(103): require_once('D:\\wordpress\\Lo...')
#3 D:\wordpress\Local Sites\local-wordpres\app\public\wp-load.php(50): require_once('D:\\wordpress\\Lo...')
#4 D:\wordpress\Local Sites\local-wordpres\app\public\wp-blog-header.php(13): require_once('D:\\wordpress\\Lo...')
#5 D:\wordpress\Local Sites\local-wordpres\app\public\index.php(17): require('D:\\wordpress\\Lo...')
#6 {main}
  thrown in D:\wordpress\Local Sites\local-wordpres\app\public\wp-includes\nav-menu.php on line 136
[04-Oct-2024 12:16:47 UTC] PHP Fatal error:  Uncaught ArgumentCountError: Too few arguments to function register_nav_menu(), 1 passed in D:\wordpress\Local Sites\local-wordpres\app\public\wp-content\themes\my_theme\functions.php on line 32 and exactly 2 expected in D:\wordpress\Local Sites\local-wordpres\app\public\wp-includes\nav-menu.php:136
Stack trace:
#0 D:\wordpress\Local Sites\local-wordpres\app\public\wp-content\themes\my_theme\functions.php(32): register_nav_menu(Array)
#1 D:\wordpress\Local Sites\local-wordpres\app\public\wp-settings.php(668): include('D:\\wordpress\\Lo...')
#2 D:\wordpress\Local Sites\local-wordpres\app\public\wp-config.php(103): require_once('D:\\wordpress\\Lo...')
#3 D:\wordpress\Local Sites\local-wordpres\app\public\wp-load.php(50): require_once('D:\\wordpress\\Lo...')
#4 D:\wordpress\Local Sites\local-wordpres\app\public\wp-blog-header.php(13): require_once('D:\\wordpress\\Lo...')
#5 D:\wordpress\Local Sites\local-wordpres\app\public\index.php(17): require('D:\\wordpress\\Lo...')
#6 {main}
  thrown in D:\wordpress\Local Sites\local-wordpres\app\public\wp-includes\nav-menu.php on line 136
[04-Oct-2024 12:18:51 UTC] PHP Fatal error:  Uncaught ArgumentCountError: Too few arguments to function register_nav_menu(), 1 passed in D:\wordpress\Local Sites\local-wordpres\app\public\wp-content\themes\my_theme\functions.php on line 32 and exactly 2 expected in D:\wordpress\Local Sites\local-wordpres\app\public\wp-includes\nav-menu.php:136
Stack trace:
#0 D:\wordpress\Local Sites\local-wordpres\app\public\wp-content\themes\my_theme\functions.php(32): register_nav_menu(Array)
#1 D:\wordpress\Local Sites\local-wordpres\app\public\wp-settings.php(668): include('D:\\wordpress\\Lo...')
#2 D:\wordpress\Local Sites\local-wordpres\app\public\wp-config.php(103): require_once('D:\\wordpress\\Lo...')
#3 D:\wordpress\Local Sites\local-wordpres\app\public\wp-load.php(50): require_once('D:\\wordpress\\Lo...')
#4 D:\wordpress\Local Sites\local-wordpres\app\public\wp-admin\admin-ajax.php(22): require_once('D:\\wordpress\\Lo...')
#5 {main}
  thrown in D:\wordpress\Local Sites\local-wordpres\app\public\wp-includes\nav-menu.php on line 136
[11-Oct-2024 14:28:18 UTC] PHP Fatal error:  Uncaught Error: Call to undefined function the_field() in D:\wordpress\Local Sites\local-wordpres\app\public\wp-content\themes\my_theme\front-page.php:14
Stack trace:
#0 D:\wordpress\Local Sites\local-wordpres\app\public\wp-includes\template-loader.php(106): include()
#1 D:\wordpress\Local Sites\local-wordpres\app\public\wp-blog-header.php(19): require_once('D:\\wordpress\\Lo...')
#2 D:\wordpress\Local Sites\local-wordpres\app\public\index.php(17): require('D:\\wordpress\\Lo...')
#3 {main}
  thrown in D:\wordpress\Local Sites\local-wordpres\app\public\wp-content\themes\my_theme\front-page.php on line 14
[11-Oct-2024 14:28:23 UTC] PHP Fatal error:  Uncaught Error: Call to undefined function the_field() in D:\wordpress\Local Sites\local-wordpres\app\public\wp-content\themes\my_theme\front-page.php:14
Stack trace:
#0 D:\wordpress\Local Sites\local-wordpres\app\public\wp-includes\template-loader.php(106): include()
#1 D:\wordpress\Local Sites\local-wordpres\app\public\wp-blog-header.php(19): require_once('D:\\wordpress\\Lo...')
#2 D:\wordpress\Local Sites\local-wordpres\app\public\index.php(17): require('D:\\wordpress\\Lo...')
#3 {main}
  thrown in D:\wordpress\Local Sites\local-wordpres\app\public\wp-content\themes\my_theme\front-page.php on line 14
[15-Oct-2024 00:05:49 UTC] WordPress database error Table 'wp_actionscheduler_actions' already exists for query CREATE TABLE wp_actionscheduler_actions (
				        action_id bigint(20) unsigned NOT NULL auto_increment,
				        hook varchar(191) NOT NULL,
				        status varchar(20) NOT NULL,
				        scheduled_date_gmt datetime NULL default '0000-00-00 00:00:00',
				        scheduled_date_local datetime NULL default '0000-00-00 00:00:00',
				        priority tinyint unsigned NOT NULL default '10',
				        args varchar(191),
				        schedule longtext,
				        group_id bigint(20) unsigned NOT NULL default '0',
				        attempts int(11) NOT NULL default '0',
				        last_attempt_gmt datetime NULL default '0000-00-00 00:00:00',
				        last_attempt_local datetime NULL default '0000-00-00 00:00:00',
				        claim_id bigint(20) unsigned NOT NULL default '0',
				        extended_args varchar(8000) DEFAULT NULL,
				        PRIMARY KEY  (action_id),
				        KEY hook_status_scheduled_date_gmt (hook(163), status, scheduled_date_gmt),
				        KEY status_scheduled_date_gmt (status, scheduled_date_gmt),
				        KEY scheduled_date_gmt (scheduled_date_gmt),
				        KEY args (args(191)),
				        KEY group_id (group_id),
				        KEY last_attempt_gmt (last_attempt_gmt),
				        KEY `claim_id_status_scheduled_date_gmt` (`claim_id`, `status`, `scheduled_date_gmt`)
				        ) DEFAULT CHARACTER SET utf8mb4 COLLATE utf8mb4_unicode_520_ci made by require_once('wp-admin/admin.php'), require_once('wp-load.php'), require_once('wp-config.php'), require_once('wp-settings.php'), do_action('init'), WP_Hook->do_action, WP_Hook->apply_filters, ActionScheduler_HybridStore->init, ActionScheduler_DBStore->init, ActionScheduler_Abstract_Schema->register_tables, ActionScheduler_Abstract_Schema->update_table, dbDelta
[15-Oct-2024 00:05:49 UTC] WordPress database error Duplicate entry '109' for key 'PRIMARY' for query INSERT INTO `wp_actionscheduler_actions` (`action_id`, `hook`, `status`, `scheduled_date_gmt`, `scheduled_date_local`, `last_attempt_gmt`, `last_attempt_local`) VALUES ('109', '', '', '2024-10-16 00:00:00', '2024-10-16 00:00:00', '2024-10-16 00:00:00', '2024-10-16 00:00:00') made by require_once('wp-load.php'), require_once('wp-config.php'), require_once('wp-settings.php'), do_action('init'), WP_Hook->do_action, WP_Hook->apply_filters, ActionScheduler_HybridStore->init, ActionScheduler_DBStore->init, ActionScheduler_Abstract_Schema->register_tables, ActionScheduler_Abstract_Schema->update_table, do_action('action_scheduler/created_table'), WP_Hook->do_action, WP_Hook->apply_filters, ActionScheduler_HybridStore->set_autoincrement
[15-Oct-2024 00:05:50 UTC] WordPress database error Table 'wp_actionscheduler_logs' already exists for query CREATE TABLE wp_actionscheduler_logs (
				        log_id bigint(20) unsigned NOT NULL auto_increment,
				        action_id bigint(20) unsigned NOT NULL,
				        message text NOT NULL,
				        log_date_gmt datetime NULL default '0000-00-00 00:00:00',
				        log_date_local datetime NULL default '0000-00-00 00:00:00',
				        PRIMARY KEY  (log_id),
				        KEY action_id (action_id),
				        KEY log_date_gmt (log_date_gmt)
				        ) DEFAULT CHARACTER SET utf8mb4 COLLATE utf8mb4_unicode_520_ci made by require_once('wp-load.php'), require_once('wp-config.php'), require_once('wp-settings.php'), do_action('init'), WP_Hook->do_action, WP_Hook->apply_filters, ActionScheduler_DBLogger->init, ActionScheduler_Abstract_Schema->register_tables, ActionScheduler_Abstract_Schema->update_table, dbDelta
[15-Oct-2024 00:08:26 UTC] [Image Optimizer]: info in ImageOptimization\Modules\ConnectManager\Components\Connect->get_connect_status(): Status check error. Reason: User is not connected
[15-Oct-2024 00:08:38 UTC] [Image Optimizer]: info in ImageOptimization\Modules\ConnectManager\Components\Connect->get_connect_status(): Status check error. Reason: User is not connected
[15-Oct-2024 00:08:43 UTC] [Image Optimizer]: info in ImageOptimization\Modules\ConnectManager\Components\Connect->get_connect_status(): Status check error. Reason: User is not connected
[15-Oct-2024 00:08:48 UTC] [Image Optimizer]: info in ImageOptimization\Modules\ConnectManager\Components\Connect->get_connect_status(): Status check error. Reason: User is not connected
[15-Oct-2024 00:08:54 UTC] [Image Optimizer]: info in ImageOptimization\Modules\ConnectManager\Components\Connect->get_connect_status(): Status check error. Reason: User is not connected
[15-Oct-2024 00:08:59 UTC] [Image Optimizer]: info in ImageOptimization\Modules\ConnectManager\Components\Connect->get_connect_status(): Status check error. Reason: User is not connected
[15-Oct-2024 00:09:04 UTC] [Image Optimizer]: info in ImageOptimization\Modules\ConnectManager\Components\Connect->get_connect_status(): Status check error. Reason: User is not connected
[15-Oct-2024 00:09:09 UTC] [Image Optimizer]: info in ImageOptimization\Modules\ConnectManager\Components\Connect->get_connect_status(): Status check error. Reason: User is not connected
[15-Oct-2024 00:09:14 UTC] [Image Optimizer]: info in ImageOptimization\Modules\ConnectManager\Components\Connect->get_connect_status(): Status check error. Reason: User is not connected
[15-Oct-2024 00:09:19 UTC] [Image Optimizer]: info in ImageOptimization\Modules\ConnectManager\Components\Connect->get_connect_status(): Status check error. Reason: User is not connected
[15-Oct-2024 00:09:24 UTC] [Image Optimizer]: info in ImageOptimization\Modules\ConnectManager\Components\Connect->get_connect_status(): Status check error. Reason: User is not connected
[15-Oct-2024 00:09:38 UTC] [Image Optimizer]: info in ImageOptimization\Modules\ConnectManager\Components\Connect->get_connect_status(): Status check error. Reason: User is not connected
[15-Oct-2024 00:09:39 UTC] [Image Optimizer]: info in ImageOptimization\Modules\ConnectManager\Components\Connect->get_connect_status(): Status check error. Reason: User is not connected
[15-Oct-2024 00:09:44 UTC] [Image Optimizer]: info in ImageOptimization\Modules\ConnectManager\Components\Connect->get_connect_status(): Status check error. Reason: User is not connected
[15-Oct-2024 00:09:49 UTC] [Image Optimizer]: info in ImageOptimization\Modules\ConnectManager\Components\Connect->get_connect_status(): Status check error. Reason: User is not connected
[15-Oct-2024 00:09:54 UTC] [Image Optimizer]: info in ImageOptimization\Modules\ConnectManager\Components\Connect->get_connect_status(): Status check error. Reason: User is not connected
[15-Oct-2024 00:09:59 UTC] [Image Optimizer]: info in ImageOptimization\Modules\ConnectManager\Components\Connect->get_connect_status(): Status check error. Reason: User is not connected
[15-Oct-2024 00:10:04 UTC] [Image Optimizer]: info in ImageOptimization\Modules\ConnectManager\Components\Connect->get_connect_status(): Status check error. Reason: User is not connected
[15-Oct-2024 00:10:09 UTC] [Image Optimizer]: info in ImageOptimization\Modules\ConnectManager\Components\Connect->get_connect_status(): Status check error. Reason: User is not connected
[15-Oct-2024 00:10:14 UTC] [Image Optimizer]: info in ImageOptimization\Modules\ConnectManager\Components\Connect->get_connect_status(): Status check error. Reason: User is not connected
[15-Oct-2024 00:10:54 UTC] [Image Optimizer]: info in ImageOptimization\Modules\ConnectManager\Components\Connect->get_connect_status(): Status check error. Reason: User is not connected
[15-Oct-2024 00:11:45 UTC] [Image Optimizer]: info in ImageOptimization\Modules\ConnectManager\Components\Connect->get_connect_status(): Status check error. Reason: User is not connected
[15-Oct-2024 00:12:45 UTC] [Image Optimizer]: info in ImageOptimization\Modules\ConnectManager\Components\Connect->get_connect_status(): Status check error. Reason: User is not connected
[15-Oct-2024 00:13:54 UTC] [Image Optimizer]: info in ImageOptimization\Modules\ConnectManager\Components\Connect->get_connect_status(): Status check error. Reason: User is not connected
[15-Oct-2024 00:14:45 UTC] [Image Optimizer]: info in ImageOptimization\Modules\ConnectManager\Components\Connect->get_connect_status(): Status check error. Reason: User is not connected
[15-Oct-2024 00:15:53 UTC] [Image Optimizer]: info in ImageOptimization\Modules\ConnectManager\Components\Connect->get_connect_status(): Status check error. Reason: User is not connected
[15-Oct-2024 00:16:45 UTC] [Image Optimizer]: info in ImageOptimization\Modules\ConnectManager\Components\Connect->get_connect_status(): Status check error. Reason: User is not connected
[15-Oct-2024 00:17:45 UTC] [Image Optimizer]: info in ImageOptimization\Modules\ConnectManager\Components\Connect->get_connect_status(): Status check error. Reason: User is not connected
[15-Oct-2024 00:17:56 UTC] [Image Optimizer]: info in ImageOptimization\Modules\ConnectManager\Components\Connect->get_connect_status(): Status check error. Reason: User is not connected
[15-Oct-2024 00:17:59 UTC] [Image Optimizer]: info in ImageOptimization\Modules\ConnectManager\Components\Connect->get_connect_status(): Status check error. Reason: User is not connected
[15-Oct-2024 00:18:04 UTC] [Image Optimizer]: info in ImageOptimization\Modules\ConnectManager\Components\Connect->get_connect_status(): Status check error. Reason: User is not connected
[15-Oct-2024 00:18:09 UTC] [Image Optimizer]: info in ImageOptimization\Modules\ConnectManager\Components\Connect->get_connect_status(): Status check error. Reason: User is not connected
[15-Oct-2024 00:18:14 UTC] [Image Optimizer]: info in ImageOptimization\Modules\ConnectManager\Components\Connect->get_connect_status(): Status check error. Reason: User is not connected
[15-Oct-2024 00:18:14 UTC] [Image Optimizer]: info in ImageOptimization\Modules\ConnectManager\Components\Connect->get_connect_status(): Status check error. Reason: User is not connected
[15-Oct-2024 00:18:22 UTC] [Image Optimizer]: info in ImageOptimization\Modules\ConnectManager\Components\Connect->get_connect_status(): Status check error. Reason: User is not connected
[15-Oct-2024 00:18:27 UTC] [Image Optimizer]: info in ImageOptimization\Modules\ConnectManager\Components\Connect->get_connect_status(): Status check error. Reason: User is not connected
[15-Oct-2024 00:18:34 UTC] [Image Optimizer]: info in ImageOptimization\Modules\ConnectManager\Components\Connect->get_connect_status(): Status check error. Reason: User is not connected
[15-Oct-2024 00:18:39 UTC] [Image Optimizer]: info in ImageOptimization\Modules\ConnectManager\Components\Connect->get_connect_status(): Status check error. Reason: User is not connected
[15-Oct-2024 00:18:53 UTC] [Image Optimizer]: info in ImageOptimization\Modules\ConnectManager\Components\Connect->get_connect_status(): Status check error. Reason: User is not connected
[15-Oct-2024 00:18:54 UTC] [Image Optimizer]: info in ImageOptimization\Modules\ConnectManager\Components\Connect->get_connect_status(): Status check error. Reason: User is not connected
[15-Oct-2024 00:18:59 UTC] [Image Optimizer]: info in ImageOptimization\Modules\ConnectManager\Components\Connect->get_connect_status(): Status check error. Reason: User is not connected
[15-Oct-2024 00:19:04 UTC] [Image Optimizer]: info in ImageOptimization\Modules\ConnectManager\Components\Connect->get_connect_status(): Status check error. Reason: User is not connected
[15-Oct-2024 00:19:09 UTC] [Image Optimizer]: info in ImageOptimization\Modules\ConnectManager\Components\Connect->get_connect_status(): Status check error. Reason: User is not connected
[15-Oct-2024 00:19:14 UTC] [Image Optimizer]: info in ImageOptimization\Modules\ConnectManager\Components\Connect->get_connect_status(): Status check error. Reason: User is not connected
[15-Oct-2024 00:19:19 UTC] [Image Optimizer]: info in ImageOptimization\Modules\ConnectManager\Components\Connect->get_connect_status(): Status check error. Reason: User is not connected
[15-Oct-2024 00:19:24 UTC] [Image Optimizer]: info in ImageOptimization\Modules\ConnectManager\Components\Connect->get_connect_status(): Status check error. Reason: User is not connected
[15-Oct-2024 00:19:29 UTC] [Image Optimizer]: info in ImageOptimization\Modules\ConnectManager\Components\Connect->get_connect_status(): Status check error. Reason: User is not connected
[15-Oct-2024 00:19:45 UTC] [Image Optimizer]: info in ImageOptimization\Modules\ConnectManager\Components\Connect->get_connect_status(): Status check error. Reason: User is not connected
[15-Oct-2024 00:20:54 UTC] [Image Optimizer]: info in ImageOptimization\Modules\ConnectManager\Components\Connect->get_connect_status(): Status check error. Reason: User is not connected
[15-Oct-2024 00:21:45 UTC] [Image Optimizer]: info in ImageOptimization\Modules\ConnectManager\Components\Connect->get_connect_status(): Status check error. Reason: User is not connected
[15-Oct-2024 00:22:45 UTC] [Image Optimizer]: info in ImageOptimization\Modules\ConnectManager\Components\Connect->get_connect_status(): Status check error. Reason: User is not connected
[15-Oct-2024 00:23:45 UTC] [Image Optimizer]: info in ImageOptimization\Modules\ConnectManager\Components\Connect->get_connect_status(): Status check error. Reason: User is not connected
[15-Oct-2024 00:24:54 UTC] [Image Optimizer]: info in ImageOptimization\Modules\ConnectManager\Components\Connect->get_connect_status(): Status check error. Reason: User is not connected
